app/build/intermediates/manifest_merge_blame_file/release/manifest-merger-blame-release-report.txt
1<?xml version="1.0" encoding="utf-8"?>
2<manifest xmlns:android="http://schemas.android.com/apk/res/android"
3    package="com.example.projekt"
4    android:versionCode="1"
5    android:versionName="1.0" >
6
7    <uses-sdk
8        android:minSdkVersion="21"
8-->src\main\AndroidManifest.xml
9        android:targetSdkVersion="29" />
9-->src\main\AndroidManifest.xml
10
11    <application
11-->src\main\AndroidManifest.xml:5:1-26:15
12        android:allowBackup="true"
12-->src\main\AndroidManifest.xml:6:5-31
13        android:appComponentFactory="androidx.core.app.CoreComponentFactory"
13-->[androidx.core:core:1.0.2] AndroidManifest.xml:22:18-86
14        android:icon="@mipmap/ic_launcher"
14-->src\main\AndroidManifest.xml:7:5-39
15        android:label="@string/app_name"
15-->src\main\AndroidManifest.xml:8:5-37
16        android:roundIcon="@mipmap/ic_launcher_round"
16-->src\main\AndroidManifest.xml:9:5-50
17        android:supportsRtl="true"
17-->src\main\AndroidManifest.xml:10:5-31
18        android:theme="@style/AppTheme" >
18-->src\main\AndroidManifest.xml:11:5-36
19        <activity android:name="com.example.projekt.MainActivity" >
19-->src\main\AndroidManifest.xml:12:5-18:16
19-->src\main\AndroidManifest.xml:12:15-43
20            <intent-filter>
20-->src\main\AndroidManifest.xml:13:9-17:25
21                <action android:name="android.intent.action.MAIN" />
21-->src\main\AndroidManifest.xml:14:13-65
21-->src\main\AndroidManifest.xml:14:21-62
22
23                <category android:name="android.intent.category.LAUNCHER" />
23-->src\main\AndroidManifest.xml:16:13-73
23-->src\main\AndroidManifest.xml:16:23-70
24            </intent-filter>
25        </activity>
26        <activity
26-->src\main\AndroidManifest.xml:20:5-25:16
27            android:name="com.example.projekt.AddEvent"
27-->src\main\AndroidManifest.xml:21:9-33
28            android:label="@string/title_activity_add_event"
28-->src\main\AndroidManifest.xml:22:9-57
29            android:theme="@style/AppTheme.NoActionBar" >
29-->src\main\AndroidManifest.xml:23:9-52
30        </activity>
31    </application>
32
33</manifest>